This is pdfTeX, Version 3.14159265-2.6-1.40.16 (TeX Live 2015/Debian) (preloaded format=pdflatex 2017.8.24)  11 NOV 2017 13:01
entering extended mode
 restricted \write18 enabled.
 %&-line parsing enabled.
**hines_hetland_2017_gji.tex
(./hines_hetland_2017_gji.tex
LaTeX2e <2016/02/01>
Babel <3.9q> and hyphenation patterns for 5 language(s) loaded.
(./gji.cls
Document Class: gji 1995/11/30 v2.0 LaTeX2e document class
Document Class `GJI' V2.0, released 1998 Nov
\fntxvi=\skip41
\fntxvii=\skip42
\GJ@measure=\dimen102
\c@part=\count79
\c@section=\count80
\c@subsection=\count81
\c@subsubsection=\count82
\c@paragraph=\count83
\c@subparagraph=\count84
\@indentskip=\skip43
\smallindent=\skip44
\@footindent=\skip45
\@leftskip=\skip46
\c@dummy=\count85
\c@table=\count86
\c@figure=\count87
\mathindent=\dimen103
(./gji_extra.sty
\@temptokenb=\toks14
\pt@box=\box26
\pt@width=\dimen104
\pt@line=\count88
\pt@nlines=\count89
\pt@ncol=\count90
\bibhang=\skip47
\bibsep=\skip48
LaTeX Info: Redefining \cite on input line 388.
\c@NAT@ctr=\count91
\oldvsize=\dimen105
)) (./timet.sty
Package: timet 1997/01/23 6.0 Times PSNFSS2e package
)
(/usr/share/texlive/texmf-dist/tex/latex/amsmath/amsmath.sty
Package: amsmath 2016/03/03 v2.15a AMS math features
\@mathmargin=\skip49

For additional information on amsmath, use the `?' option.
(/usr/share/texlive/texmf-dist/tex/latex/amsmath/amstext.sty
Package: amstext 2000/06/29 v2.01 AMS text

(/usr/share/texlive/texmf-dist/tex/latex/amsmath/amsgen.sty
File: amsgen.sty 1999/11/30 v2.0 generic functions
\@emptytoks=\toks15
\ex@=\dimen106
))
(/usr/share/texlive/texmf-dist/tex/latex/amsmath/amsbsy.sty
Package: amsbsy 1999/11/29 v1.2d Bold Symbols
\pmbraise@=\dimen107
)
(/usr/share/texlive/texmf-dist/tex/latex/amsmath/amsopn.sty
Package: amsopn 1999/12/14 v2.01 operator names
)
\inf@bad=\count92
LaTeX Info: Redefining \frac on input line 199.
\uproot@=\count93
\leftroot@=\count94
LaTeX Info: Redefining \overline on input line 297.
\classnum@=\count95
\DOTSCASE@=\count96
LaTeX Info: Redefining \ldots on input line 394.
LaTeX Info: Redefining \dots on input line 397.
LaTeX Info: Redefining \cdots on input line 518.
\Mathstrutbox@=\box27
\strutbox@=\box28
\big@size=\dimen108
LaTeX Font Info:    Redeclaring font encoding OML on input line 630.
LaTeX Font Info:    Redeclaring font encoding OMS on input line 631.
\macc@depth=\count97
\c@MaxMatrixCols=\count98
\dotsspace@=\muskip10
\c@parentequation=\count99
\dspbrk@lvl=\count100
\tag@help=\toks16
\row@=\count101
\column@=\count102
\maxfields@=\count103
\andhelp@=\toks17
\eqnshift@=\dimen109
\alignsep@=\dimen110
\tagshift@=\dimen111
\tagwidth@=\dimen112
\totwidth@=\dimen113
\lineht@=\dimen114
\@envbody=\toks18
\multlinegap=\skip50
\multlinetaggap=\skip51
\mathdisplay@stack=\toks19
LaTeX Info: Redefining \[ on input line 2735.
LaTeX Info: Redefining \] on input line 2736.
)
(/usr/share/texlive/texmf-dist/tex/latex/amsfonts/amsfonts.sty
Package: amsfonts 2013/01/14 v3.01 Basic AMSFonts support
\symAMSa=\mathgroup4
\symAMSb=\mathgroup5
LaTeX Font Info:    Overwriting math alphabet `\mathfrak' in version `bold'
(Font)                  U/euf/m/n --> U/euf/b/n on input line 106.
)
(/usr/share/texlive/texmf-dist/tex/latex/amsfonts/amssymb.sty
Package: amssymb 2013/01/14 v3.01 AMS font symbols
)
(/usr/share/texlive/texmf-dist/tex/latex/graphics/graphicx.sty
Package: graphicx 2014/10/28 v1.0g Enhanced LaTeX Graphics (DPC,SPQR)

(/usr/share/texlive/texmf-dist/tex/latex/graphics/keyval.sty
Package: keyval 2014/10/28 v1.15 key=value parser (DPC)
\KV@toks@=\toks20
)
(/usr/share/texlive/texmf-dist/tex/latex/graphics/graphics.sty
Package: graphics 2016/01/03 v1.0q Standard LaTeX Graphics (DPC,SPQR)

(/usr/share/texlive/texmf-dist/tex/latex/graphics/trig.sty
Package: trig 2016/01/03 v1.10 sin cos tan (DPC)
)
(/usr/share/texlive/texmf-dist/tex/latex/latexconfig/graphics.cfg
File: graphics.cfg 2010/04/23 v1.9 graphics configuration of TeX Live
)
Package graphics Info: Driver file: pdftex.def on input line 95.

(/usr/share/texlive/texmf-dist/tex/latex/pdftex-def/pdftex.def
File: pdftex.def 2011/05/27 v0.06d Graphics/color for pdfTeX

(/usr/share/texlive/texmf-dist/tex/generic/oberdiek/infwarerr.sty
Package: infwarerr 2010/04/08 v1.3 Providing info/warning/error messages (HO)
)
(/usr/share/texlive/texmf-dist/tex/generic/oberdiek/ltxcmds.sty
Package: ltxcmds 2011/11/09 v1.22 LaTeX kernel commands for general use (HO)
)
\Gread@gobject=\count104
))
\Gin@req@height=\dimen115
\Gin@req@width=\dimen116
)
(/usr/share/texlive/texmf-dist/tex/latex/arydshln/arydshln.sty
Package: arydshln 2004/08/31 v1.71 
\dashlinedash=\dimen117
\dashlinegap=\dimen118
\adl@box=\box29
\adl@height=\dimen119
\adl@heightsave=\dimen120
\adl@depth=\dimen121
\adl@depthsave=\dimen122
\adl@finaldepth=\dimen123
\adl@columns=\count105
\adl@ncol=\count106
\adl@currentcolumn=\count107
\adl@currentcolumnsave=\count108
\adl@totalheight=\count109
\adl@totalheightsave=\count110
\adl@dash=\count111
\adl@gap=\count112
\adl@cla=\count113
\adl@clb=\count114
\adl@everyvbox=\toks21
\adl@LTpagetotal=\dimen124
)
(/usr/share/texlive/texmf-dist/tex/latex/tools/bm.sty
Package: bm 2014/10/28 v1.1c Bold Symbol Support (DPC/FMi)
\symboldoperators=\mathgroup6
\symboldletters=\mathgroup7
\symboldsymbols=\mathgroup8
LaTeX Font Info:    Redeclaring math alphabet \mathbf on input line 141.
LaTeX Info: Redefining \bm on input line 207.
)
(/usr/share/texlive/texmf-dist/tex/generic/ulem/ulem.sty
\UL@box=\box30
\UL@hyphenbox=\box31
\UL@skip=\skip52
\UL@hook=\toks22
\UL@height=\dimen125
\UL@pe=\count115
\UL@pixel=\dimen126
\ULC@box=\box32
Package: ulem 2012/05/18
\ULdepth=\dimen127
)
\c@theorem=\count116

(./hines_hetland_2017_gji.aux)
\openout1 = `hines_hetland_2017_gji.aux'.

LaTeX Font Info:    Checking defaults for OML/cmm/m/it on input line 33.
LaTeX Font Info:    ... okay on input line 33.
LaTeX Font Info:    Checking defaults for T1/cmr/m/n on input line 33.
LaTeX Font Info:    ... okay on input line 33.
LaTeX Font Info:    Checking defaults for OT1/cmr/m/n on input line 33.
LaTeX Font Info:    ... okay on input line 33.
LaTeX Font Info:    Checking defaults for OMS/cmsy/m/n on input line 33.
LaTeX Font Info:    ... okay on input line 33.
LaTeX Font Info:    Checking defaults for OMX/cmex/m/n on input line 33.
LaTeX Font Info:    ... okay on input line 33.
LaTeX Font Info:    Checking defaults for U/cmr/m/n on input line 33.
LaTeX Font Info:    ... okay on input line 33.
LaTeX Font Info:    Try loading font information for OT1+ptm on input line 33.

(/usr/share/texlive/texmf-dist/tex/latex/psnfss/ot1ptm.fd
File: ot1ptm.fd 2001/06/04 font definitions for OT1/ptm.
)
(/usr/share/texlive/texmf-dist/tex/context/base/supp-pdf.mkii
[Loading MPS to PDF converter (version 2006.09.02).]
\scratchcounter=\count117
\scratchdimen=\dimen128
\scratchbox=\box33
\nofMPsegments=\count118
\nofMParguments=\count119
\everyMPshowfont=\toks23
\MPscratchCnt=\count120
\MPscratchDim=\dimen129
\MPnumerator=\count121
\makeMPintoPDFobject=\count122
\everyMPtoPDFconversion=\toks24
) (/usr/share/texlive/texmf-dist/tex/generic/oberdiek/pdftexcmds.sty
Package: pdftexcmds 2011/11/29 v0.20 Utility functions of pdfTeX for LuaTeX (HO
)

(/usr/share/texlive/texmf-dist/tex/generic/oberdiek/ifluatex.sty
Package: ifluatex 2010/03/01 v1.3 Provides the ifluatex switch (HO)
Package ifluatex Info: LuaTeX not detected.
)
(/usr/share/texlive/texmf-dist/tex/generic/oberdiek/ifpdf.sty
Package: ifpdf 2011/01/30 v2.3 Provides the ifpdf switch (HO)
Package ifpdf Info: pdfTeX in PDF mode is detected.
)
Package pdftexcmds Info: LuaTeX not detected.
Package pdftexcmds Info: \pdf@primitive is available.
Package pdftexcmds Info: \pdf@ifprimitive is available.
Package pdftexcmds Info: \pdfdraftmode found.
)
(/usr/share/texlive/texmf-dist/tex/latex/oberdiek/epstopdf-base.sty
Package: epstopdf-base 2010/02/09 v2.5 Base part for package epstopdf

(/usr/share/texlive/texmf-dist/tex/latex/oberdiek/grfext.sty
Package: grfext 2010/08/19 v1.1 Manage graphics extensions (HO)

(/usr/share/texlive/texmf-dist/tex/generic/oberdiek/kvdefinekeys.sty
Package: kvdefinekeys 2011/04/07 v1.3 Define keys (HO)
))
(/usr/share/texlive/texmf-dist/tex/latex/oberdiek/kvoptions.sty
Package: kvoptions 2011/06/30 v3.11 Key value format for package options (HO)

(/usr/share/texlive/texmf-dist/tex/generic/oberdiek/kvsetkeys.sty
Package: kvsetkeys 2012/04/25 v1.16 Key value parser (HO)

(/usr/share/texlive/texmf-dist/tex/generic/oberdiek/etexcmds.sty
Package: etexcmds 2011/02/16 v1.5 Avoid name clashes with e-TeX commands (HO)
Package etexcmds Info: Could not find \expanded.
(etexcmds)             That can mean that you are not using pdfTeX 1.50 or
(etexcmds)             that some package has redefined \expanded.
(etexcmds)             In the latter case, load this package earlier.
)))
Package grfext Info: Graphics extension search list:
(grfext)             [.png,.pdf,.jpg,.mps,.jpeg,.jbig2,.jb2,.PNG,.PDF,.JPG,.JPE
G,.JBIG2,.JB2,.eps]
(grfext)             \AppendGraphicsExtensions on input line 452.

(/usr/share/texlive/texmf-dist/tex/latex/latexconfig/epstopdf-sys.cfg
File: epstopdf-sys.cfg 2010/07/13 v1.3 Configuration of (r)epstopdf for TeX Liv
e
))
LaTeX Font Info:    Font shape `OT1/ptm/bx/n' in size <17.28> not available
(Font)              Font shape `OT1/ptm/b/n' tried instead on input line 37.
LaTeX Font Info:    Try loading font information for U+msa on input line 37.

(/usr/share/texlive/texmf-dist/tex/latex/amsfonts/umsa.fd
File: umsa.fd 2013/01/14 v3.01 AMS symbols A
)
LaTeX Font Info:    Try loading font information for U+msb on input line 37.

(/usr/share/texlive/texmf-dist/tex/latex/amsfonts/umsb.fd
File: umsb.fd 2013/01/14 v3.01 AMS symbols B
)
LaTeX Font Info:    Font shape `OT1/ptm/bx/n' in size <10.95> not available
(Font)              Font shape `OT1/ptm/b/n' tried instead on input line 56.

Underfull \hbox (badness 10000) in paragraph at lines 56--57

 []

LaTeX Font Info:    Font shape `OT1/ptm/bx/n' in size <12> not available
(Font)              Font shape `OT1/ptm/b/n' tried instead on input line 84.
[1{/var/lib/texmf/fonts/map/pdftex/updmap/pdftex.map}

]
Underfull \vbox (badness 10000) has occurred while \output is active []

 [2]
[3] [4] <figures/prior_demo/prior-demo.pdf, id=30, 505.89pt x 216.81pt>
File: figures/prior_demo/prior-demo.pdf Graphic file (type pdf)

<use figures/prior_demo/prior-demo.pdf>
Package pdftex.def Info: figures/prior_demo/prior-demo.pdf used on input line 2
97.
(pdftex.def)             Requested size: 505.88875pt x 216.80946pt.

Overfull \hbox (62.02576pt too wide) in paragraph at lines 297--306
 [][] 
 []

LaTeX Font Info:    Font shape `OT1/ptm/bx/n' in size <10> not available
(Font)              Font shape `OT1/ptm/b/n' tried instead on input line 306.

Underfull \vbox (badness 10000) has occurred while \output is active []

 [5 <./figures/prior_demo/prior-demo.pdf>] [6] [7]
Underfull \vbox (badness 7326) has occurred while \output is active []

 [8]
[9] <figures/context_map/context-map.pdf, id=95, 505.89pt x 397.485pt>
File: figures/context_map/context-map.pdf Graphic file (type pdf)

<use figures/context_map/context-map.pdf>
Package pdftex.def Info: figures/context_map/context-map.pdf used on input line
 691.
(pdftex.def)             Requested size: 505.88875pt x 397.48402pt.

Overfull \hbox (62.02576pt too wide) in paragraph at lines 691--701
 [][] 
 []

[10] [11 <./figures/context_map/context-map.pdf>] [12]
<figures/noise/noise-params.pdf, id=150, 505.89pt x 397.485pt>
File: figures/noise/noise-params.pdf Graphic file (type pdf)

<use figures/noise/noise-params.pdf>
Package pdftex.def Info: figures/noise/noise-params.pdf used on input line 830.

(pdftex.def)             Requested size: 505.88875pt x 397.48402pt.

Overfull \hbox (62.02576pt too wide) in paragraph at lines 830--835
 [][] 
 []

<figures/noise/noise-samples.pdf, id=151, 505.89pt x 289.08pt>
File: figures/noise/noise-samples.pdf Graphic file (type pdf)

<use figures/noise/noise-samples.pdf>
Package pdftex.def Info: figures/noise/noise-samples.pdf used on input line 840
.
(pdftex.def)             Requested size: 505.88875pt x 289.07928pt.

Overfull \hbox (62.02576pt too wide) in paragraph at lines 840--845
 [][] 
 []

[13]
Underfull \vbox (badness 1715) has occurred while \output is active []

 [14 <./figures/noise/noise-params.pdf>] [15 <./figures/noise/noise-samples.pdf
>]
Underfull \vbox (badness 3826) has occurred while \output is active []

 [16]
[17] <figures/signal_fit/signal-fit.pdf, id=242, 505.89pt x 433.62pt>
File: figures/signal_fit/signal-fit.pdf Graphic file (type pdf)

<use figures/signal_fit/signal-fit.pdf>
Package pdftex.def Info: figures/signal_fit/signal-fit.pdf used on input line 1
073.
(pdftex.def)             Requested size: 505.88875pt x 433.61894pt.

Overfull \hbox (62.02576pt too wide) in paragraph at lines 1073--1084
 [][] 
 []


Underfull \vbox (badness 10000) has occurred while \output is active []

 [18 <./figures/signal_fit/signal-fit.pdf>]
<figures/strain_map/strain-map.pdf, id=299, 433.62pt x 433.62pt>
File: figures/strain_map/strain-map.pdf Graphic file (type pdf)

<use figures/strain_map/strain-map.pdf>
Package pdftex.def Info: figures/strain_map/strain-map.pdf used on input line 1
125.
(pdftex.def)             Requested size: 433.61894pt x 433.61894pt.

<figures/strain_ts/strain-ts.pdf, id=300, 505.89pt x 361.35pt>
File: figures/strain_ts/strain-ts.pdf Graphic file (type pdf)

<use figures/strain_ts/strain-ts.pdf>
Package pdftex.def Info: figures/strain_ts/strain-ts.pdf used on input line 115
3.
(pdftex.def)             Requested size: 505.88875pt x 361.34912pt.

Overfull \hbox (62.02576pt too wide) in paragraph at lines 1153--1158
 [][] 
 []

<figures/strain_ts/mag-ts.pdf, id=301, 505.89pt x 289.08pt>
File: figures/strain_ts/mag-ts.pdf Graphic file (type pdf)

<use figures/strain_ts/mag-ts.pdf>
Package pdftex.def Info: figures/strain_ts/mag-ts.pdf used on input line 1163.
(pdftex.def)             Requested size: 505.88875pt x 289.07928pt.

Overfull \hbox (62.02576pt too wide) in paragraph at lines 1163--1168
 [][] 
 []


Underfull \vbox (badness 10000) has occurred while \output is active []

 [19]
[20 <./figures/strain_map/strain-map.pdf>] [21 <./figures/strain_ts/strain-ts.p
df>] [22 <./figures/strain_ts/mag-ts.pdf>]
Overfull \hbox (77.70125pt too wide) in paragraph at lines 1291--1300
\OT1/ptm/m/n/10.95 (Py-GeoNS). Py-GeoNS is dis-tributed un-der the MIT Li-cense
 and can be found at www.github.com/treverhines/PyGeoNS. 
 []

[23] [24] <figures/outliers_new/outliers.pdf, id=431, 505.89pt x 325.215pt>
File: figures/outliers_new/outliers.pdf Graphic file (type pdf)

<use figures/outliers_new/outliers.pdf>
Package pdftex.def Info: figures/outliers_new/outliers.pdf used on input line 1
387.
(pdftex.def)             Requested size: 505.88875pt x 325.2142pt.

Overfull \hbox (62.02576pt too wide) in paragraph at lines 1387--1395
 [][] 
 []

(./hines_hetland_2017_gji.bbl [25 <./figures/outliers_new/outliers.pdf>]
Underfull \vbox (badness 10000) has occurred while \output is active []

 [26]
Underfull \vbox (badness 10000) has occurred while \output is active []

 [27]
Underfull \vbox (badness 10000) has occurred while \output is active []

 [28])
[29] (./hines_hetland_2017_gji.aux) ) 
Here is how much of TeX's memory you used:
 3350 strings out of 494910
 43071 string characters out of 6179836
 115960 words of memory out of 5000000
 6550 multiletter control sequences out of 15000+600000
 38073 words of font info for 93 fonts, out of 8000000 for 9000
 36 hyphenation exceptions out of 8191
 38i,19n,24p,1020b,383s stack positions out of 5000i,500n,10000p,200000b,80000s
{/usr/share/texlive/texmf-dist/fonts/enc/d
vips/base/8r.enc}</usr/share/texlive/texmf-dist/fonts/type1/public/amsfonts/cm/
cmbx10.pfb></usr/share/texlive/texmf-dist/fonts/type1/public/amsfonts/cm/cmex10
.pfb></usr/share/texlive/texmf-dist/fonts/type1/public/amsfonts/cm/cmmi10.pfb><
/usr/share/texlive/texmf-dist/fonts/type1/public/amsfonts/cm/cmmi5.pfb></usr/sh
are/texlive/texmf-dist/fonts/type1/public/amsfonts/cm/cmmi6.pfb></usr/share/tex
live/texmf-dist/fonts/type1/public/amsfonts/cm/cmmi7.pfb></usr/share/texlive/te
xmf-dist/fonts/type1/public/amsfonts/cm/cmmi8.pfb></usr/share/texlive/texmf-dis
t/fonts/type1/public/amsfonts/cm/cmmib10.pfb></usr/share/texlive/texmf-dist/fon
ts/type1/public/amsfonts/cm/cmr10.pfb></usr/share/texlive/texmf-dist/fonts/type
1/public/amsfonts/cm/cmr6.pfb></usr/share/texlive/texmf-dist/fonts/type1/public
/amsfonts/cm/cmr7.pfb></usr/share/texlive/texmf-dist/fonts/type1/public/amsfont
s/cm/cmr8.pfb></usr/share/texlive/texmf-dist/fonts/type1/public/amsfonts/cm/cms
y10.pfb></usr/share/texlive/texmf-dist/fonts/type1/public/amsfonts/cm/cmsy6.pfb
></usr/share/texlive/texmf-dist/fonts/type1/public/amsfonts/cm/cmsy7.pfb></usr/
share/texlive/texmf-dist/fonts/type1/public/amsfonts/cm/cmsy8.pfb></usr/share/t
exlive/texmf-dist/fonts/type1/public/amsfonts/symbols/msbm10.pfb></usr/share/te
xlive/texmf-dist/fonts/type1/urw/times/utmb8a.pfb></usr/share/texlive/texmf-dis
t/fonts/type1/urw/times/utmr8a.pfb></usr/share/texlive/texmf-dist/fonts/type1/u
rw/times/utmri8a.pfb>
Output written on hines_hetland_2017_gji.pdf (29 pages, 2473548 bytes).
PDF statistics:
 556 PDF objects out of 1000 (max. 8388607)
 183 compressed objects within 2 object streams
 0 named destinations out of 1000 (max. 500000)
 46 words of extra memory for PDF output out of 10000 (max. 10000000)

