This is pdfTeX, Version 3.14159265-2.6-1.40.16 (TeX Live 2015/Debian) (preloaded format=pdflatex 2016.8.24)  20 JUN 2017 09:50
entering extended mode
 restricted \write18 enabled.
 %&-line parsing enabled.
**gji_extraguide.tex
(./gji_extraguide.tex
LaTeX2e <2016/02/01>
Babel <3.9q> and hyphenation patterns for 5 language(s) loaded.
(./gji.cls
Document Class: gji 1995/11/30 v2.0 LaTeX2e document class
Document Class `GJI' V2.0, released 1998 Nov
\fntxvi=\skip41
\fntxvii=\skip42
\GJ@measure=\dimen102
\c@part=\count79
\c@section=\count80
\c@subsection=\count81
\c@subsubsection=\count82
\c@paragraph=\count83
\c@subparagraph=\count84
\@indentskip=\skip43
\smallindent=\skip44
\@footindent=\skip45
\@leftskip=\skip46
\c@dummy=\count85
\c@table=\count86
\c@figure=\count87
\mathindent=\dimen103
(./gji_extra.sty
\@temptokenb=\toks14
\pt@box=\box26
\pt@width=\dimen104
\pt@line=\count88
\pt@nlines=\count89
\pt@ncol=\count90
\bibhang=\skip47
\bibsep=\skip48
LaTeX Info: Redefining \cite on input line 388.
\c@NAT@ctr=\count91
\oldvsize=\dimen105
)) (./gji_extraguide.aux)
\openout1 = `gji_extraguide.aux'.

LaTeX Font Info:    Checking defaults for OML/cmm/m/it on input line 13.
LaTeX Font Info:    ... okay on input line 13.
LaTeX Font Info:    Checking defaults for T1/cmr/m/n on input line 13.
LaTeX Font Info:    ... okay on input line 13.
LaTeX Font Info:    Checking defaults for OT1/cmr/m/n on input line 13.
LaTeX Font Info:    ... okay on input line 13.
LaTeX Font Info:    Checking defaults for OMS/cmsy/m/n on input line 13.
LaTeX Font Info:    ... okay on input line 13.
LaTeX Font Info:    Checking defaults for OMX/cmex/m/n on input line 13.
LaTeX Font Info:    ... okay on input line 13.
LaTeX Font Info:    Checking defaults for U/cmr/m/n on input line 13.
LaTeX Font Info:    ... okay on input line 13.
LaTeX Font Info:    Font shape `OT1/cmtt/bx/n' in size <17.28> not available
(Font)              Font shape `OT1/cmtt/m/n' tried instead on input line 15.
LaTeX Font Info:    External font `cmex10' loaded for size
(Font)              <14.4> on input line 15.
LaTeX Font Info:    External font `cmex10' loaded for size
(Font)              <7> on input line 15.
 [1{/var/lib/texmf/fonts/map/pdftex/updmap/pdftex.map}

] [2]
LaTeX Font Info:    External font `cmex10' loaded for size
(Font)              <10.95> on input line 102.
LaTeX Font Info:    External font `cmex10' loaded for size
(Font)              <8> on input line 102.
LaTeX Font Info:    External font `cmex10' loaded for size
(Font)              <6> on input line 102.
 [3] [4]
Underfull \vbox (badness 1540) has occurred while \output is active []

 [5]
LaTeX Font Info:    External font `cmex10' loaded for size
(Font)              <5> on input line 280.

[6] (./gji_extraguide.aux) ) 
Here is how much of TeX's memory you used:
 583 strings out of 494910
 5675 string characters out of 6179836
 58783 words of memory out of 5000000
 3944 multiletter control sequences out of 15000+600000
 10364 words of font info for 37 fonts, out of 8000000 for 9000
 36 hyphenation exceptions out of 8191
 23i,6n,19p,205b,265s stack positions out of 5000i,500n,10000p,200000b,80000s
</usr/share/texlive/texmf-dist/fonts/type1/public/a
msfonts/cm/cmbx10.pfb></usr/share/texlive/texmf-dist/fonts/type1/public/amsfont
s/cm/cmbx12.pfb></usr/share/texlive/texmf-dist/fonts/type1/public/amsfonts/cm/c
mcsc10.pfb></usr/share/texlive/texmf-dist/fonts/type1/public/amsfonts/cm/cmitt1
0.pfb></usr/share/texlive/texmf-dist/fonts/type1/public/amsfonts/cm/cmr10.pfb><
/usr/share/texlive/texmf-dist/fonts/type1/public/amsfonts/cm/cmr7.pfb></usr/sha
re/texlive/texmf-dist/fonts/type1/public/amsfonts/cm/cmr8.pfb></usr/share/texli
ve/texmf-dist/fonts/type1/public/amsfonts/cm/cmti10.pfb></usr/share/texlive/tex
mf-dist/fonts/type1/public/amsfonts/cm/cmti8.pfb></usr/share/texlive/texmf-dist
/fonts/type1/public/amsfonts/cm/cmtt10.pfb></usr/share/texlive/texmf-dist/fonts
/type1/public/amsfonts/cm/cmtt12.pfb>
Output written on gji_extraguide.pdf (6 pages, 144221 bytes).
PDF statistics:
 67 PDF objects out of 1000 (max. 8388607)
 47 compressed objects within 1 object stream
 0 named destinations out of 1000 (max. 500000)
 1 words of extra memory for PDF output out of 10000 (max. 10000000)

