This is pdfTeX, Version 3.14159265-2.6-1.40.16 (TeX Live 2015/Debian) (preloaded format=pdflatex 2017.8.24)  8 NOV 2017 21:11
entering extended mode
 restricted \write18 enabled.
 %&-line parsing enabled.
**diff.tex
(./diff.tex
LaTeX2e <2016/02/01>
Babel <3.9q> and hyphenation patterns for 5 language(s) loaded.
(./gji.cls
Document Class: gji 1995/11/30 v2.0 LaTeX2e document class
Document Class `GJI' V2.0, released 1998 Nov
\fntxvi=\skip41
\fntxvii=\skip42
\GJ@measure=\dimen102
\c@part=\count79
\c@section=\count80
\c@subsection=\count81
\c@subsubsection=\count82
\c@paragraph=\count83
\c@subparagraph=\count84
\@indentskip=\skip43
\smallindent=\skip44
\@footindent=\skip45
\@leftskip=\skip46
\c@dummy=\count85
\c@table=\count86
\c@figure=\count87
\mathindent=\dimen103
(./gji_extra.sty
\@temptokenb=\toks14
\pt@box=\box26
\pt@width=\dimen104
\pt@line=\count88
\pt@nlines=\count89
\pt@ncol=\count90
\bibhang=\skip47
\bibsep=\skip48
LaTeX Info: Redefining \cite on input line 388.
\c@NAT@ctr=\count91
\oldvsize=\dimen105
)) (./timet.sty
Package: timet 1997/01/23 6.0 Times PSNFSS2e package
)
(/usr/share/texlive/texmf-dist/tex/latex/amsmath/amsmath.sty
Package: amsmath 2016/03/03 v2.15a AMS math features
\@mathmargin=\skip49

For additional information on amsmath, use the `?' option.
(/usr/share/texlive/texmf-dist/tex/latex/amsmath/amstext.sty
Package: amstext 2000/06/29 v2.01 AMS text

(/usr/share/texlive/texmf-dist/tex/latex/amsmath/amsgen.sty
File: amsgen.sty 1999/11/30 v2.0 generic functions
\@emptytoks=\toks15
\ex@=\dimen106
))
(/usr/share/texlive/texmf-dist/tex/latex/amsmath/amsbsy.sty
Package: amsbsy 1999/11/29 v1.2d Bold Symbols
\pmbraise@=\dimen107
)
(/usr/share/texlive/texmf-dist/tex/latex/amsmath/amsopn.sty
Package: amsopn 1999/12/14 v2.01 operator names
)
\inf@bad=\count92
LaTeX Info: Redefining \frac on input line 199.
\uproot@=\count93
\leftroot@=\count94
LaTeX Info: Redefining \overline on input line 297.
\classnum@=\count95
\DOTSCASE@=\count96
LaTeX Info: Redefining \ldots on input line 394.
LaTeX Info: Redefining \dots on input line 397.
LaTeX Info: Redefining \cdots on input line 518.
\Mathstrutbox@=\box27
\strutbox@=\box28
\big@size=\dimen108
LaTeX Font Info:    Redeclaring font encoding OML on input line 630.
LaTeX Font Info:    Redeclaring font encoding OMS on input line 631.
\macc@depth=\count97
\c@MaxMatrixCols=\count98
\dotsspace@=\muskip10
\c@parentequation=\count99
\dspbrk@lvl=\count100
\tag@help=\toks16
\row@=\count101
\column@=\count102
\maxfields@=\count103
\andhelp@=\toks17
\eqnshift@=\dimen109
\alignsep@=\dimen110
\tagshift@=\dimen111
\tagwidth@=\dimen112
\totwidth@=\dimen113
\lineht@=\dimen114
\@envbody=\toks18
\multlinegap=\skip50
\multlinetaggap=\skip51
\mathdisplay@stack=\toks19
LaTeX Info: Redefining \[ on input line 2735.
LaTeX Info: Redefining \] on input line 2736.
)
(/usr/share/texlive/texmf-dist/tex/latex/amsfonts/amsfonts.sty
Package: amsfonts 2013/01/14 v3.01 Basic AMSFonts support
\symAMSa=\mathgroup4
\symAMSb=\mathgroup5
LaTeX Font Info:    Overwriting math alphabet `\mathfrak' in version `bold'
(Font)                  U/euf/m/n --> U/euf/b/n on input line 106.
)
(/usr/share/texlive/texmf-dist/tex/latex/amsfonts/amssymb.sty
Package: amssymb 2013/01/14 v3.01 AMS font symbols
)
(/usr/share/texlive/texmf-dist/tex/latex/graphics/graphicx.sty
Package: graphicx 2014/10/28 v1.0g Enhanced LaTeX Graphics (DPC,SPQR)

(/usr/share/texlive/texmf-dist/tex/latex/graphics/keyval.sty
Package: keyval 2014/10/28 v1.15 key=value parser (DPC)
\KV@toks@=\toks20
)
(/usr/share/texlive/texmf-dist/tex/latex/graphics/graphics.sty
Package: graphics 2016/01/03 v1.0q Standard LaTeX Graphics (DPC,SPQR)

(/usr/share/texlive/texmf-dist/tex/latex/graphics/trig.sty
Package: trig 2016/01/03 v1.10 sin cos tan (DPC)
)
(/usr/share/texlive/texmf-dist/tex/latex/latexconfig/graphics.cfg
File: graphics.cfg 2010/04/23 v1.9 graphics configuration of TeX Live
)
Package graphics Info: Driver file: pdftex.def on input line 95.

(/usr/share/texlive/texmf-dist/tex/latex/pdftex-def/pdftex.def
File: pdftex.def 2011/05/27 v0.06d Graphics/color for pdfTeX

(/usr/share/texlive/texmf-dist/tex/generic/oberdiek/infwarerr.sty
Package: infwarerr 2010/04/08 v1.3 Providing info/warning/error messages (HO)
)
(/usr/share/texlive/texmf-dist/tex/generic/oberdiek/ltxcmds.sty
Package: ltxcmds 2011/11/09 v1.22 LaTeX kernel commands for general use (HO)
)
\Gread@gobject=\count104
))
\Gin@req@height=\dimen115
\Gin@req@width=\dimen116
)
(/usr/share/texlive/texmf-dist/tex/latex/arydshln/arydshln.sty
Package: arydshln 2004/08/31 v1.71 
\dashlinedash=\dimen117
\dashlinegap=\dimen118
\adl@box=\box29
\adl@height=\dimen119
\adl@heightsave=\dimen120
\adl@depth=\dimen121
\adl@depthsave=\dimen122
\adl@finaldepth=\dimen123
\adl@columns=\count105
\adl@ncol=\count106
\adl@currentcolumn=\count107
\adl@currentcolumnsave=\count108
\adl@totalheight=\count109
\adl@totalheightsave=\count110
\adl@dash=\count111
\adl@gap=\count112
\adl@cla=\count113
\adl@clb=\count114
\adl@everyvbox=\toks21
\adl@LTpagetotal=\dimen124
)
(/usr/share/texlive/texmf-dist/tex/latex/tools/bm.sty
Package: bm 2014/10/28 v1.1c Bold Symbol Support (DPC/FMi)
\symboldoperators=\mathgroup6
\symboldletters=\mathgroup7
\symboldsymbols=\mathgroup8
LaTeX Font Info:    Redeclaring math alphabet \mathbf on input line 141.
LaTeX Info: Redefining \bm on input line 207.
)
(/usr/share/texlive/texmf-dist/tex/generic/ulem/ulem.sty
\UL@box=\box30
\UL@hyphenbox=\box31
\UL@skip=\skip52
\UL@hook=\toks22
\UL@height=\dimen125
\UL@pe=\count115
\UL@pixel=\dimen126
\ULC@box=\box32
Package: ulem 2012/05/18
\ULdepth=\dimen127
)
\c@theorem=\count116


! LaTeX Error: Option clash for package ulem.

See the LaTeX manual or LaTeX Companion for explanation.
Type  H <return>  for immediate help.
 ...                                              
                                                  
l.38 \RequirePackage
                    {color}\definecolor{RED}{rgb}{1,0,0}\definecolor{BLUE}{r...

The package ulem has already been loaded with options:
  []
There has now been an attempt to load it with options
  [normalem]
Adding the global options:
  ,normalem
to your \documentclass declaration may fix this.
Try typing  <return>  to proceed.

(/usr/share/texlive/texmf-dist/tex/latex/graphics/color.sty
Package: color 2016/01/03 v1.1b Standard LaTeX Color (DPC)

(/usr/share/texlive/texmf-dist/tex/latex/latexconfig/color.cfg
File: color.cfg 2007/01/18 v1.5 color configuration of teTeX/TeXLive
)
Package color Info: Driver file: pdftex.def on input line 143.
) (./diff.aux)
\openout1 = `diff.aux'.

LaTeX Font Info:    Checking defaults for OML/cmm/m/it on input line 55.
LaTeX Font Info:    ... okay on input line 55.
LaTeX Font Info:    Checking defaults for T1/cmr/m/n on input line 55.
LaTeX Font Info:    ... okay on input line 55.
LaTeX Font Info:    Checking defaults for OT1/cmr/m/n on input line 55.
LaTeX Font Info:    ... okay on input line 55.
LaTeX Font Info:    Checking defaults for OMS/cmsy/m/n on input line 55.
LaTeX Font Info:    ... okay on input line 55.
LaTeX Font Info:    Checking defaults for OMX/cmex/m/n on input line 55.
LaTeX Font Info:    ... okay on input line 55.
LaTeX Font Info:    Checking defaults for U/cmr/m/n on input line 55.
LaTeX Font Info:    ... okay on input line 55.
LaTeX Font Info:    Try loading font information for OT1+ptm on input line 55.

(/usr/share/texlive/texmf-dist/tex/latex/psnfss/ot1ptm.fd
File: ot1ptm.fd 2001/06/04 font definitions for OT1/ptm.
)
(/usr/share/texlive/texmf-dist/tex/context/base/supp-pdf.mkii
[Loading MPS to PDF converter (version 2006.09.02).]
\scratchcounter=\count117
\scratchdimen=\dimen128
\scratchbox=\box33
\nofMPsegments=\count118
\nofMParguments=\count119
\everyMPshowfont=\toks23
\MPscratchCnt=\count120
\MPscratchDim=\dimen129
\MPnumerator=\count121
\makeMPintoPDFobject=\count122
\everyMPtoPDFconversion=\toks24
) (/usr/share/texlive/texmf-dist/tex/generic/oberdiek/pdftexcmds.sty
Package: pdftexcmds 2011/11/29 v0.20 Utility functions of pdfTeX for LuaTeX (HO
)

(/usr/share/texlive/texmf-dist/tex/generic/oberdiek/ifluatex.sty
Package: ifluatex 2010/03/01 v1.3 Provides the ifluatex switch (HO)
Package ifluatex Info: LuaTeX not detected.
)
(/usr/share/texlive/texmf-dist/tex/generic/oberdiek/ifpdf.sty
Package: ifpdf 2011/01/30 v2.3 Provides the ifpdf switch (HO)
Package ifpdf Info: pdfTeX in PDF mode is detected.
)
Package pdftexcmds Info: LuaTeX not detected.
Package pdftexcmds Info: \pdf@primitive is available.
Package pdftexcmds Info: \pdf@ifprimitive is available.
Package pdftexcmds Info: \pdfdraftmode found.
)
(/usr/share/texlive/texmf-dist/tex/latex/oberdiek/epstopdf-base.sty
Package: epstopdf-base 2010/02/09 v2.5 Base part for package epstopdf

(/usr/share/texlive/texmf-dist/tex/latex/oberdiek/grfext.sty
Package: grfext 2010/08/19 v1.1 Manage graphics extensions (HO)

(/usr/share/texlive/texmf-dist/tex/generic/oberdiek/kvdefinekeys.sty
Package: kvdefinekeys 2011/04/07 v1.3 Define keys (HO)
))
(/usr/share/texlive/texmf-dist/tex/latex/oberdiek/kvoptions.sty
Package: kvoptions 2011/06/30 v3.11 Key value format for package options (HO)

(/usr/share/texlive/texmf-dist/tex/generic/oberdiek/kvsetkeys.sty
Package: kvsetkeys 2012/04/25 v1.16 Key value parser (HO)

(/usr/share/texlive/texmf-dist/tex/generic/oberdiek/etexcmds.sty
Package: etexcmds 2011/02/16 v1.5 Avoid name clashes with e-TeX commands (HO)
Package etexcmds Info: Could not find \expanded.
(etexcmds)             That can mean that you are not using pdfTeX 1.50 or
(etexcmds)             that some package has redefined \expanded.
(etexcmds)             In the latter case, load this package earlier.
)))
Package grfext Info: Graphics extension search list:
(grfext)             [.png,.pdf,.jpg,.mps,.jpeg,.jbig2,.jb2,.PNG,.PDF,.JPG,.JPE
G,.JBIG2,.JB2,.eps]
(grfext)             \AppendGraphicsExtensions on input line 452.

(/usr/share/texlive/texmf-dist/tex/latex/latexconfig/epstopdf-sys.cfg
File: epstopdf-sys.cfg 2010/07/13 v1.3 Configuration of (r)epstopdf for TeX Liv
e
))
LaTeX Font Info:    Font shape `OT1/ptm/bx/n' in size <17.28> not available
(Font)              Font shape `OT1/ptm/b/n' tried instead on input line 59.
LaTeX Font Info:    Try loading font information for U+msa on input line 59.

(/usr/share/texlive/texmf-dist/tex/latex/amsfonts/umsa.fd
File: umsa.fd 2013/01/14 v3.01 AMS symbols A
)
LaTeX Font Info:    Try loading font information for U+msb on input line 59.

(/usr/share/texlive/texmf-dist/tex/latex/amsfonts/umsb.fd
File: umsb.fd 2013/01/14 v3.01 AMS symbols B
)
LaTeX Font Info:    Font shape `OT1/ptm/bx/n' in size <10.95> not available
(Font)              Font shape `OT1/ptm/b/n' tried instead on input line 78.

Underfull \hbox (badness 10000) in paragraph at lines 78--80

 []


Underfull \vbox (badness 5475) has occurred while \output is active []

 [1{/var/lib/texmf/fonts/map/pdftex/updmap/pdftex.map}

]
LaTeX Font Info:    Font shape `OT1/ptm/bx/n' in size <12> not available
(Font)              Font shape `OT1/ptm/b/n' tried instead on input line 108.
 [2]
Overfull \hbox (36.2897pt too wide) in paragraph at lines 213--249
|   []   |   []   |   []   |   []   |   []   |   []   |   []   |   []   |   [] 
  |   []   |   []
 []


Underfull \vbox (badness 10000) has occurred while \output is active []

 [3]
Overfull \hbox (2.57607pt too wide) in paragraph at lines 279--281
[]|   []   |   []   |   []   |   []   |   []   |   []   |   []   |   []   |   [
]   |   []   |   []   |   []
 []

[4]
Overfull \hbox (6.23192pt too wide) in paragraph at lines 322--339
|   []   |   []   |   []   |   []   |   []   |   []   |   []   |   []   |   [] 
  |   []
 []

[5] <figures/prior_demo/prior-demo.pdf, id=34, 505.89pt x 216.81pt>
File: figures/prior_demo/prior-demo.pdf Graphic file (type pdf)

<use figures/prior_demo/prior-demo.pdf>
Package pdftex.def Info: figures/prior_demo/prior-demo.pdf used on input line 3
73.
(pdftex.def)             Requested size: 505.88875pt x 216.80946pt.

Overfull \hbox (62.02576pt too wide) in paragraph at lines 373--382
 [][] 
 []

LaTeX Font Info:    Font shape `OT1/ptm/bx/n' in size <10> not available
(Font)              Font shape `OT1/ptm/b/n' tried instead on input line 382.

Underfull \vbox (badness 7722) has occurred while \output is active []

 [6 <./figures/prior_demo/prior-demo.pdf>] [7]
Overfull \hbox (14.79327pt too wide) in paragraph at lines 469--487
|   []   |   []   |   []   |   []   |   []   |   []   |   []   |   []   |   [] 
  |   []   |   []   |   []   |   []   |   []
 []


Overfull \hbox (3.04584pt too wide) in paragraph at lines 469--487
|   []   |   []   |   []   |   []   |   []   |   []   |   []   |   []   |   [] 
  |   []
 []


Overfull \hbox (5.49825pt too wide) in paragraph at lines 469--487
|   []   |   []   |   []   |   []   |   []   |   []   |   []   |   []   |   [] 
  |   []
 []


Overfull \hbox (13.86452pt too wide) in paragraph at lines 499--510
|   []   |   []   |   []   |   []   |   []   |   []   |   []   |   []   |   [] 
  |   []   |   []   |   []   |   []   |   []
 []

[8]
Overfull \hbox (1.46884pt too wide) in paragraph at lines 673--681
|   []   |   []   |   []   |   []   |   []   |   []   |   []   |   []   |   [] 
  |   []   |   []   |   []   |   []   |   []
 []

[9]
Overfull \hbox (70.20438pt too wide) detected at line 752
[][][][]\OT1/cmr/m/n/10.95 (\OML/cmm/m/it/10.95 p[][]\OT1/cmr/m/n/10.95 ) = [][
][][][][] [] [] [][] []
 []


Underfull \vbox (badness 10000) has occurred while \output is active []

 [10]
Underfull \vbox (badness 10000) has occurred while \output is active []

 [11]
Overfull \hbox (27.5829pt too wide) in paragraph at lines 842--860
|   []   |   []   |   []   |   []   |   []   |   []   |   []   |   []   |   [] 
  |   []   |   []   |   []   |   []
 []


Overfull \hbox (64.80211pt too wide) in paragraph at lines 862--880
|   []   |   []   |   []   |   []   |   []   |   []   |   []   |   []   |   [] 
  |   []
 []

[12]
Overfull \hbox (21.50346pt too wide) in paragraph at lines 900--903
[]|   []   |   []   |   []   |   []   |   []   |   []   |   []   |   []   |   [
]   |   []   |   []   |   []   |   []   |   []   |   []   |   []
 []

[13] <figures/context_map/context-map.pdf, id=109, 505.89pt x 397.485pt>
File: figures/context_map/context-map.pdf Graphic file (type pdf)

<use figures/context_map/context-map.pdf>
Package pdftex.def Info: figures/context_map/context-map.pdf used on input line
 959.
(pdftex.def)             Requested size: 505.88875pt x 397.48402pt.

Overfull \hbox (62.02576pt too wide) in paragraph at lines 959--969
 [][] 
 []


Overfull \hbox (135.07706pt too wide) in paragraph at lines 998--1015
[]|   []   []\OT1/ptm/m/n/10.95 tem-po-rally cor-re-lated noise in GNSS data []
|   [][][]|   []
 []


Overfull \hbox (122.67375pt too wide) in paragraph at lines 998--1015
|   []   |   []   |   []   |   []   |   []   |   []   |   []   |   []   |   [][
]\OT1/ptm/m/n/10.95 .
 []


LaTeX Warning: Reference `eq:FOGMdef' on page 14 undefined on input line 1019.


Overfull \hbox (8.18102pt too wide) in paragraph at lines 1017--1029
|   []   |   []   |   []   |   []   |   []   |   []   |   []   |   []   |   [] 
  [][]|   []   |   []   |   []   |   []
 []


Overfull \hbox (9.49538pt too wide) in paragraph at lines 1017--1029
|   []   |   []   |   []   |   []   |   []   |   []   |   []   |   []   |   [] 
  |   []   |   []   |   []   |   []   |   []
 []

[14]
Underfull \vbox (badness 1565) has occurred while \output is active []

 [15 <./figures/context_map/context-map.pdf>]
Overfull \hbox (21.98175pt too wide) in paragraph at lines 1044--1051
[]|   []   |   []   |   []   |   []   |   []   |   []   |   []   |   []   |   [
]   |   []   |   []   |   []   |   []
 []


Overfull \hbox (6.482pt too wide) in paragraph at lines 1056--1085
[]|   []   |   []   |   []   |   []   |   []   |   []   |   []   |   []   |   [
]   |   []   |   []   |   []   |   []   |   []   |   []   |   []   |   [][]\OT1
/ptm/m/n/10.95 ,
 []


Overfull \hbox (18.364pt too wide) in paragraph at lines 1056--1085
|   []   |   []   |   []   |   []   |   []   |   []   |   []
 []


Underfull \vbox (badness 10000) has occurred while \output is active []

 [16]

LaTeX Warning: Reference `eq:REML' on page 17 undefined on input line 1123.


Overfull \hbox (3.73846pt too wide) in paragraph at lines 1115--1125
|   []   |   []   |   []   |   []   |   []   |   []   |   []   |   []   |   [] 
  |   []   |   []   |   []   |   []   |   []
 []

<figures/noise/noise-params.pdf, id=164, 505.89pt x 397.485pt>
File: figures/noise/noise-params.pdf Graphic file (type pdf)

<use figures/noise/noise-params.pdf>
Package pdftex.def Info: figures/noise/noise-params.pdf used on input line 1157
.
(pdftex.def)             Requested size: 505.88875pt x 397.48402pt.

Overfull \hbox (62.02576pt too wide) in paragraph at lines 1157--1162
 [][] 
 []

<figures/noise/noise-samples.pdf, id=165, 505.89pt x 289.08pt>
File: figures/noise/noise-samples.pdf Graphic file (type pdf)

<use figures/noise/noise-samples.pdf>
Package pdftex.def Info: figures/noise/noise-samples.pdf used on input line 116
7.
(pdftex.def)             Requested size: 505.88875pt x 289.07928pt.

Overfull \hbox (62.02576pt too wide) in paragraph at lines 1167--1172
 [][] 
 []


Underfull \vbox (badness 3568) has occurred while \output is active []

 [17]
Underfull \vbox (badness 10000) has occurred while \output is active []

 [18 <./figures/noise/noise-params.pdf>]
Underfull \vbox (badness 10000) has occurred while \output is active []

 [19 <./figures/noise/noise-samples.pdf>]
Overfull \hbox (118.73126pt too wide) in paragraph at lines 1248--1273
\OT1/ptm/m/n/10.95 dence of geo-phys-i-cal sig-nals []|   []
 []


Overfull \hbox (134.82161pt too wide) in paragraph at lines 1248--1273
|   []   |   []   |   []   |   []   |   []   |   []   [][]|   []
 []

[20]
Underfull \vbox (badness 10000) has occurred while \output is active []

 [21]
Overfull \hbox (7.81776pt too wide) in paragraph at lines 1345--1350
[]|   []   |   []   |   []   |   []   |   []   |   []   |   []   |   []   |   [
]   |   []   |   []   |   []   |   []   |   []
 []


Overfull \hbox (9.47235pt too wide) in paragraph at lines 1345--1350
|   []   |   []   |   []   |   []   |   []   |   []   |   []   |   []   |   [] 
  |   []   |   []   |   []   |   []   |   []
 []


Overfull \hbox (29.4323pt too wide) in paragraph at lines 1366--1375
[][]
 []


Underfull \hbox (badness 10000) in paragraph at lines 1366--1375

 []

[22]
Overfull \hbox (11.12813pt too wide) in paragraph at lines 1393--1395
[]|   []   |   []   |   []   |   []   |   []   |   []   |   []   |   []   |   [
]   |   []   |   []   |   []   |   []   |   []   |   []
 []


Overfull \hbox (17.75237pt too wide) in paragraph at lines 1403--1405
[]|   []   |   []   |   []   |   []   |   []   |   []   |   []   |   []   |   [
]   |   []   |   []   |   []   |   []   |   []   |   []   |   []   |   []   |  
 []
 []


Overfull \hbox (2.4204pt too wide) in paragraph at lines 1403--1405
|   []   |   []   |   []   |   []   |   []   |   []   |   []   |   []   |   [] 
  |   []   |   []
 []

[23] <figures/signal_fit/signal-fit.pdf, id=262, 505.89pt x 433.62pt>
File: figures/signal_fit/signal-fit.pdf Graphic file (type pdf)

<use figures/signal_fit/signal-fit.pdf>
Package pdftex.def Info: figures/signal_fit/signal-fit.pdf used on input line 1
489.
(pdftex.def)             Requested size: 505.88875pt x 433.61894pt.

Overfull \hbox (62.02576pt too wide) in paragraph at lines 1489--1500
 [][] 
 []


Overfull \hbox (10.90762pt too wide) in paragraph at lines 1527--1552
|   []   |   []   [][]|   []   |   []   |   []   |   []   |   []   |   []   |  
 []
 []


Overfull \hbox (14.92555pt too wide) in paragraph at lines 1527--1552
|   []   |   []   |   []   |   []   |   []   |   []   |   []   |   []   |   [] 
  |   []   |   []   |   []   |   []   |   []   |   []   |   []
 []

[24] [25 <./figures/signal_fit/signal-fit.pdf>]
<figures/strain_map/strain-map.pdf, id=323, 433.62pt x 433.62pt>
File: figures/strain_map/strain-map.pdf Graphic file (type pdf)

<use figures/strain_map/strain-map.pdf>
Package pdftex.def Info: figures/strain_map/strain-map.pdf used on input line 1
554.
(pdftex.def)             Requested size: 433.61894pt x 433.61894pt.
 [26 <./figures/strain_map/strain-map.pdf>] <figures/strain_ts/strain-ts.pdf, i
d=362, 505.89pt x 361.35pt>
File: figures/strain_ts/strain-ts.pdf Graphic file (type pdf)

<use figures/strain_ts/strain-ts.pdf>
Package pdftex.def Info: figures/strain_ts/strain-ts.pdf used on input line 158
4.
(pdftex.def)             Requested size: 505.88875pt x 361.34912pt.

Overfull \hbox (62.02576pt too wide) in paragraph at lines 1584--1589
 [][] 
 []

<figures/strain_ts/mag-ts.pdf, id=363, 505.89pt x 289.08pt>
File: figures/strain_ts/mag-ts.pdf Graphic file (type pdf)

<use figures/strain_ts/mag-ts.pdf>
Package pdftex.def Info: figures/strain_ts/mag-ts.pdf used on input line 1594.
(pdftex.def)             Requested size: 505.88875pt x 289.07928pt.

Overfull \hbox (62.02576pt too wide) in paragraph at lines 1594--1599
 [][] 
 []


Underfull \vbox (badness 10000) has occurred while \output is active []

 [27 <./figures/strain_ts/strain-ts.pdf>] [28 <./figures/strain_ts/mag-ts.pdf>]
 [29]
Overfull \hbox (25.17505pt too wide) in paragraph at lines 1726--1727
|   []   |   []   |   []   |   []   |   []   |   []   |   []   |   []   |   [] 
  |   []   |   []   |   []
 []

[30]
Overfull \hbox (77.70125pt too wide) in paragraph at lines 1753--1763
\OT1/ptm/m/n/10.95 (Py-GeoNS). Py-GeoNS is dis-tributed un-der the MIT Li-cense
 and can be found at www.github.com/treverhines/PyGeoNS. 
 []

[31]
Overfull \hbox (3.5007pt too wide) in paragraph at lines 1789--1797
|   []   |   []   |   []   |   []   |   []   |   []   |   []   |   []   |   [] 
  |   []   |   []   |   []   |   []   |   []   |   []   |   []   |   []
 []

<figures/outliers_new/outliers.pdf, id=456, 505.89pt x 325.215pt>
File: figures/outliers_new/outliers.pdf Graphic file (type pdf)

<use figures/outliers_new/outliers.pdf>
Package pdftex.def Info: figures/outliers_new/outliers.pdf used on input line 1
855.
(pdftex.def)             Requested size: 505.88875pt x 325.2142pt.

Overfull \hbox (62.02576pt too wide) in paragraph at lines 1855--1863
 [][] 
 []

[32] (./diff.bbl [33 <./figures/outliers_new/outliers.pdf>]
Underfull \vbox (badness 10000) has occurred while \output is active []

 [34]
Missing character: There is no â in font ptmr7t!
Missing character: There is no € in font ptmr7t!
Missing character: There is no “ in font ptmr7t!

Underfull \vbox (badness 10000) has occurred while \output is active []

 [35]
Underfull \vbox (badness 10000) has occurred while \output is active []

 [36])
[37] (./diff.aux)

LaTeX Warning: There were undefined references.

 ) 
Here is how much of TeX's memory you used:
 3411 strings out of 494910
 43737 string characters out of 6179836
 171006 words of memory out of 5000000
 6606 multiletter control sequences out of 15000+600000
 38073 words of font info for 93 fonts, out of 8000000 for 9000
 36 hyphenation exceptions out of 8191
 38i,24n,27p,1885b,397s stack positions out of 5000i,500n,10000p,200000b,80000s
{/usr/share/texlive/texmf-dist/fonts/enc/dvips/base/8r.enc}</usr/share/texliv
e/texmf-dist/fonts/type1/public/amsfonts/cm/cmbx10.pfb></usr/share/texlive/texm
f-dist/fonts/type1/public/amsfonts/cm/cmex10.pfb></usr/share/texlive/texmf-dist
/fonts/type1/public/amsfonts/cm/cmmi10.pfb></usr/share/texlive/texmf-dist/fonts
/type1/public/amsfonts/cm/cmmi5.pfb></usr/share/texlive/texmf-dist/fonts/type1/
public/amsfonts/cm/cmmi6.pfb></usr/share/texlive/texmf-dist/fonts/type1/public/
amsfonts/cm/cmmi7.pfb></usr/share/texlive/texmf-dist/fonts/type1/public/amsfont
s/cm/cmmi8.pfb></usr/share/texlive/texmf-dist/fonts/type1/public/amsfonts/cm/cm
mib10.pfb></usr/share/texlive/texmf-dist/fonts/type1/public/amsfonts/cm/cmr10.p
fb></usr/share/texlive/texmf-dist/fonts/type1/public/amsfonts/cm/cmr6.pfb></usr
/share/texlive/texmf-dist/fonts/type1/public/amsfonts/cm/cmr7.pfb></usr/share/t
exlive/texmf-dist/fonts/type1/public/amsfonts/cm/cmr8.pfb></usr/share/texlive/t
exmf-dist/fonts/type1/public/amsfonts/cm/cmsy10.pfb></usr/share/texlive/texmf-d
ist/fonts/type1/public/amsfonts/cm/cmsy6.pfb></usr/share/texlive/texmf-dist/fon
ts/type1/public/amsfonts/cm/cmsy7.pfb></usr/share/texlive/texmf-dist/fonts/type
1/public/amsfonts/cm/cmsy8.pfb></usr/share/texlive/texmf-dist/fonts/type1/publi
c/amsfonts/latxfont/lasy6.pfb></usr/share/texlive/texmf-dist/fonts/type1/public
/amsfonts/symbols/msbm10.pfb></usr/share/texlive/texmf-dist/fonts/type1/urw/tim
es/utmb8a.pfb></usr/share/texlive/texmf-dist/fonts/type1/urw/times/utmr8a.pfb><
/usr/share/texlive/texmf-dist/fonts/type1/urw/times/utmri8a.pfb>
Output written on diff.pdf (37 pages, 2617421 bytes).
PDF statistics:
 589 PDF objects out of 1000 (max. 8388607)
 206 compressed objects within 3 object streams
 0 named destinations out of 1000 (max. 500000)
 46 words of extra memory for PDF output out of 10000 (max. 10000000)

